<?xml version="1.0" encoding="UTF-8"?>
<!-- Generated by org.testng.reporters.JUnitXMLReporter -->
<testsuite ignored="0" hostname="DESKTOP-DELVMAL" failures="1" tests="1" name="LoanDepartment(failed)" time="0.046" errors="0" timestamp="2023-06-19T09:27:53 IST">
  <testcase classname="automationPractice.TestngConcept" name="loginUser" time="0.011">
    <failure type="java.lang.AssertionError" message="expected [true] but found [false]">
      <![CDATA[java.lang.AssertionError: expected [true] but found [false]
at automationPractice.TestngConcept.loginUser(TestngConcept.java:14)
at java.base/java.util.ArrayList.forEach(ArrayList.java:1511)
... Removed 31 stack frames]]>
    </failure>
  </testcase> <!-- loginUser -->
</testsuite> <!-- LoanDepartment(failed) -->
