<?xml version="1.0" encoding="UTF-8"?>
<!-- Generated by org.testng.reporters.JUnitXMLReporter -->
<testsuite ignored="0" hostname="DESKTOP-DELVMAL" failures="1" tests="3" name="Test" time="0.086" errors="0" timestamp="2023-06-27T20:34:02 IST">
  <testcase classname="automationPractice.Deposit2" name="paytm" time="0.012">
    <failure type="java.lang.AssertionError">
      <![CDATA[java.lang.AssertionError
at org.junit.Assert.fail(Assert.java:86)
at org.junit.Assert.assertTrue(Assert.java:41)
at org.junit.Assert.assertTrue(Assert.java:52)
at automationPractice.Deposit2.paytm(Deposit2.java:24)
at java.base/java.util.ArrayList.forEach(ArrayList.java:1511)
... Removed 27 stack frames]]>
    </failure>
  </testcase> <!-- paytm -->
  <testcase classname="automationPractice.Deposit2" name="cash" time="0.003"/>
  <testcase classname="automationPractice.Deposit2" name="card" time="0.006"/>
</testsuite> <!-- Test -->
